android/app/build/intermediates/manifest_merge_blame_file/debug/manifest-merger-blame-debug-report.txt
1<?xml version="1.0" encoding="utf-8"?>
2<manifest xmlns:android="http://schemas.android.com/apk/res/android"
3    package="com.example.zslDev"
4    android:versionCode="1"
5    android:versionName="1.0.0" >
6
7    <uses-sdk
8        android:minSdkVersion="19"
9        android:targetSdkVersion="32" />
10    <!--
11         Flutter needs it to communicate with the running application
12         to allow setting breakpoints, to provide hot reload, etc.
13    -->
14    <uses-permission android:name="android.permission.INTERNET" />
14-->src\main\AndroidManifest.xml:10:5-67
14-->src\main\AndroidManifest.xml:10:22-64
15    <!--
16     io.flutter.app.FlutterApplication is an android.app.Application that
17         calls FlutterMain.startInitialization(this); in its onCreate method.
18         In most cases you can leave this as-is, but you if you want to provide
19         additional functionality it is fine to subclass or reimplement
20         FlutterApplication and put your custom class here.
21    -->
22    <!-- 项目权限模块(这里写这个的目的就是为了方便，将权限中区分开不同的模块，便于后期其他人进行维护，管理) -->
23    <!-- 允许程序打开网络套接字 -->
24    <!-- 用于访问GPS定位 -->
25    <uses-permission android:name="android.permission.ACCESS_BACKGROUND_LOCATION" /> <!-- 用于进行网络定位 -->
25-->src\main\AndroidManifest.xml:21:5-85
25-->src\main\AndroidManifest.xml:21:22-82
26    <uses-permission android:name="android.permission.ACCESS_COARSE_LOCATION" /> <!-- 用于访问GPS定位 -->
26-->src\main\AndroidManifest.xml:22:5-81
26-->src\main\AndroidManifest.xml:22:22-78
27    <uses-permission android:name="android.permission.ACCESS_FINE_LOCATION" /> <!-- 用于获取运营商信息，用于支持提供运营商信息相关的接口 -->
27-->src\main\AndroidManifest.xml:23:5-79
27-->src\main\AndroidManifest.xml:23:22-76
28    <uses-permission android:name="android.permission.ACCESS_NETWORK_STATE" /> <!-- 用于访问wifi网络信息，wifi信息会用于进行网络定位 -->
28-->src\main\AndroidManifest.xml:24:5-79
28-->src\main\AndroidManifest.xml:24:22-76
29    <uses-permission android:name="android.permission.ACCESS_WIFI_STATE" /> <!-- 用于获取wifi的获取权限，wifi信息会用来进行网络定位 -->
29-->src\main\AndroidManifest.xml:25:5-76
29-->src\main\AndroidManifest.xml:25:22-73
30    <uses-permission android:name="android.permission.CHANGE_WIFI_STATE" /> <!-- 用于读取手机当前的状态 -->
30-->src\main\AndroidManifest.xml:26:5-76
30-->src\main\AndroidManifest.xml:26:22-73
31    <uses-permission android:name="android.permission.READ_PHONE_STATE" /> <!-- 用于写入缓存数据到扩展存储卡 -->
31-->src\main\AndroidManifest.xml:28:5-75
31-->src\main\AndroidManifest.xml:28:22-72
32    <uses-permission android:name="android.permission.WRITE_EXTERNAL_STORAGE" /> <!-- 用于申请调用A-GPS模块 -->
32-->src\main\AndroidManifest.xml:29:5-31:40
32-->src\main\AndroidManifest.xml:30:9-65
33    <uses-permission android:name="android.permission.ACCESS_LOCATION_EXTRA_COMMANDS" /> <!-- 用于申请获取蓝牙信息进行室内定位 -->
33-->src\main\AndroidManifest.xml:32:5-89
33-->src\main\AndroidManifest.xml:32:22-86
34    <uses-permission android:name="android.permission.BLUETOOTH" />
34-->src\main\AndroidManifest.xml:33:5-68
34-->src\main\AndroidManifest.xml:33:22-65
35    <uses-permission android:name="android.permission.BLUETOOTH_ADMIN" /> <!-- 允许程序设置内置sd卡的写权限 -->
35-->src\main\AndroidManifest.xml:34:5-74
35-->src\main\AndroidManifest.xml:34:22-71
36    <uses-permission android:name="android.permission.WRITE_EXTERNAL_STORAGE" /> <!-- 允许程序获取网络状态 -->
36-->src\main\AndroidManifest.xml:29:5-31:40
36-->src\main\AndroidManifest.xml:30:9-65
37    <uses-permission android:name="android.permission.ACCESS_NETWORK_STATE" /> <!-- 允许程序访问WiFi网络信息 -->
37-->src\main\AndroidManifest.xml:24:5-79
37-->src\main\AndroidManifest.xml:24:22-76
38    <uses-permission android:name="android.permission.ACCESS_WIFI_STATE" /> <!-- 允许程序读写手机状态和身份 -->
38-->src\main\AndroidManifest.xml:25:5-76
38-->src\main\AndroidManifest.xml:25:22-73
39    <uses-permission android:name="android.permission.READ_PHONE_STATE" /> <!-- 允许程序访问CellID或WiFi热点来获取粗略的位置 -->
39-->src\main\AndroidManifest.xml:28:5-75
39-->src\main\AndroidManifest.xml:28:22-72
40    <uses-permission android:name="android.permission.ACCESS_COARSE_LOCATION" /> <!-- 允许程序设置内置sd卡的写权限 -->
40-->src\main\AndroidManifest.xml:22:5-81
40-->src\main\AndroidManifest.xml:22:22-78
41    <uses-permission android:name="android.permission.WRITE_EXTERNAL_STORAGE" /> <!-- 允许程序获取网络状态 -->
41-->src\main\AndroidManifest.xml:29:5-31:40
41-->src\main\AndroidManifest.xml:30:9-65
42    <uses-permission android:name="android.permission.ACCESS_NETWORK_STATE" /> <!-- 允许程序访问WiFi网络信息 -->
42-->src\main\AndroidManifest.xml:24:5-79
42-->src\main\AndroidManifest.xml:24:22-76
43    <uses-permission android:name="android.permission.ACCESS_WIFI_STATE" /> <!-- 允许程序读写手机状态和身份 -->
43-->src\main\AndroidManifest.xml:25:5-76
43-->src\main\AndroidManifest.xml:25:22-73
44    <uses-permission android:name="android.permission.READ_PHONE_STATE" /> <!-- 用于申请调用A-GPS模块 -->
44-->src\main\AndroidManifest.xml:28:5-75
44-->src\main\AndroidManifest.xml:28:22-72
45    <uses-permission android:name="android.permission.ACCESS_LOCATION_EXTRA_COMMANDS" /> <!-- 获取运营商信息，用于支持提供运营商信息相关的接口 -->
45-->src\main\AndroidManifest.xml:32:5-89
45-->src\main\AndroidManifest.xml:32:22-86
46    <uses-permission android:name="android.permission.ACCESS_NETWORK_STATE" /> <!-- 用于访问wifi网络信息，wifi信息会用于进行网络定位 -->
46-->src\main\AndroidManifest.xml:24:5-79
46-->src\main\AndroidManifest.xml:24:22-76
47    <uses-permission android:name="android.permission.ACCESS_WIFI_STATE" /> <!-- 这个权限用于获取wifi的获取权限，wifi信息会用来进行网络定位 -->
47-->src\main\AndroidManifest.xml:25:5-76
47-->src\main\AndroidManifest.xml:25:22-73
48    <uses-permission android:name="android.permission.CHANGE_WIFI_STATE" /> <!-- 用于读取手机当前的状态 -->
48-->src\main\AndroidManifest.xml:26:5-76
48-->src\main\AndroidManifest.xml:26:22-73
49    <uses-permission android:name="android.permission.READ_PHONE_STATE" /> <!-- 写入扩展存储，向扩展卡写入数据，用于写入缓存定位数据 -->
49-->src\main\AndroidManifest.xml:28:5-75
49-->src\main\AndroidManifest.xml:28:22-72
50    <uses-permission android:name="android.permission.WRITE_EXTERNAL_STORAGE" />
50-->src\main\AndroidManifest.xml:29:5-31:40
50-->src\main\AndroidManifest.xml:30:9-65
51    <uses-permission android:name="android.permission.WRITE_EXTERNAL_STORAGE" />
51-->src\main\AndroidManifest.xml:29:5-31:40
51-->src\main\AndroidManifest.xml:30:9-65
52    <uses-permission android:name="android.permission.ACCESS_COARSE_LOCATION" />
52-->src\main\AndroidManifest.xml:22:5-81
52-->src\main\AndroidManifest.xml:22:22-78
53    <uses-permission android:name="android.permission.ACCESS_NETWORK_STATE" />
53-->src\main\AndroidManifest.xml:24:5-79
53-->src\main\AndroidManifest.xml:24:22-76
54    <uses-permission android:name="android.permission.ACCESS_FINE_LOCATION" />
54-->src\main\AndroidManifest.xml:23:5-79
54-->src\main\AndroidManifest.xml:23:22-76
55    <uses-permission android:name="android.permission.READ_PHONE_STATE" />
55-->src\main\AndroidManifest.xml:28:5-75
55-->src\main\AndroidManifest.xml:28:22-72
56    <uses-permission android:name="android.permission.CHANGE_WIFI_STATE" />
56-->src\main\AndroidManifest.xml:26:5-76
56-->src\main\AndroidManifest.xml:26:22-73
57    <uses-permission android:name="android.permission.ACCESS_WIFI_STATE" />
57-->src\main\AndroidManifest.xml:25:5-76
57-->src\main\AndroidManifest.xml:25:22-73
58    <uses-permission android:name="android.permission.WAKE_LOCK" />
58-->src\main\AndroidManifest.xml:67:5-68
58-->src\main\AndroidManifest.xml:67:22-65
59    <uses-permission android:name="android.permission.READ_EXTERNAL_STORAGE" />
59-->src\main\AndroidManifest.xml:68:5-80
59-->src\main\AndroidManifest.xml:68:22-77
60    <uses-permission android:name="android.permission.BLUETOOTH" />
60-->src\main\AndroidManifest.xml:33:5-68
60-->src\main\AndroidManifest.xml:33:22-65
61
62    <queries>
62-->[:file_picker] AndroidManifest.xml:9:5-15:15
63        <intent>
63-->[:file_picker] AndroidManifest.xml:10:9-14:18
64            <action android:name="android.intent.action.GET_CONTENT" />
64-->[:file_picker] AndroidManifest.xml:11:13-72
64-->[:file_picker] AndroidManifest.xml:11:21-69
65
66            <data android:mimeType="*/*" />
66-->[:file_picker] AndroidManifest.xml:13:13-44
66-->[:file_picker] AndroidManifest.xml:13:19-41
67        </intent>
68    </queries>
69
70    <uses-permission android:name="android.permission.REQUEST_INSTALL_PACKAGES" />
70-->[:open_file] AndroidManifest.xml:8:5-83
70-->[:open_file] AndroidManifest.xml:8:22-80
71
72    <application
72-->src\main\AndroidManifest.xml:72:5-497:19
73        android:name="androidx.multidex.MultiDexApplication"
74        android:appComponentFactory="androidx.core.app.CoreComponentFactory"
74-->[androidx.core:core:1.3.1] AndroidManifest.xml:24:18-86
75        android:debuggable="true"
76        android:icon="@mipmap/ic_launcher"
76-->src\main\AndroidManifest.xml:73:9-43
77        android:label="zslDev"
77-->src\main\AndroidManifest.xml:74:9-31
78        android:testOnly="true" >
79        <activity android:name="com.example.zslDev.MainActivityDemo" />
79-->src\main\AndroidManifest.xml:75:9-63
79-->src\main\AndroidManifest.xml:75:19-51
80        <activity
80-->src\main\AndroidManifest.xml:76:9-100:20
81            android:name="com.example.zslDev.MainActivity"
81-->src\main\AndroidManifest.xml:77:13-41
82            android:configChanges="orientation|keyboardHidden|keyboard|screenSize|smallestScreenSize|locale|layoutDirection|fontScale|screenLayout|density|uiMode"
82-->src\main\AndroidManifest.xml:78:13-163
83            android:exported="true"
83-->src\main\AndroidManifest.xml:79:13-36
84            android:hardwareAccelerated="true"
84-->src\main\AndroidManifest.xml:80:13-47
85            android:launchMode="singleTop"
85-->src\main\AndroidManifest.xml:81:13-43
86            android:theme="@style/Theme.AppCompat.Light.NoActionBar"
86-->src\main\AndroidManifest.xml:82:13-69
87            android:windowSoftInputMode="adjustResize" >
87-->src\main\AndroidManifest.xml:83:13-55
88
89            <!--
90                 Specifies an Android theme to apply to this Activity as soon as
91                 the Android process has started. This theme is visible to the user
92                 while the Flutter UI initializes. After that, this theme continues
93                 to determine the Window background behind the Flutter UI.
94            -->
95            <meta-data
95-->src\main\AndroidManifest.xml:91:13-93:57
96                android:name="io.flutter.embedding.android.NormalTheme"
96-->src\main\AndroidManifest.xml:92:17-72
97                android:resource="@style/NormalTheme" />
97-->src\main\AndroidManifest.xml:93:17-54
98
99            <intent-filter>
99-->src\main\AndroidManifest.xml:95:13-99:29
100                <action android:name="android.intent.action.MAIN" />
100-->src\main\AndroidManifest.xml:96:17-69
100-->src\main\AndroidManifest.xml:96:25-66
101
102                <category android:name="android.intent.category.LAUNCHER" />
102-->src\main\AndroidManifest.xml:98:17-77
102-->src\main\AndroidManifest.xml:98:27-74
103            </intent-filter>
104        </activity>
105        <!--
106 Don't delete the meta-data below.
107             This is used by the Flutter tool to generate GeneratedPluginRegistrant.java
108        -->
109        <meta-data
109-->src\main\AndroidManifest.xml:105:9-107:33
110            android:name="flutterEmbedding"
110-->src\main\AndroidManifest.xml:106:13-44
111            android:value="2" />
111-->src\main\AndroidManifest.xml:107:13-30
112
113        <activity
113-->src\main\AndroidManifest.xml:109:9-112:52
114            android:name="com.example.zslDev.basic.BasicMapActivity"
114-->src\main\AndroidManifest.xml:110:13-51
115            android:label="@string/basic_map"
115-->src\main\AndroidManifest.xml:111:13-46
116            android:screenOrientation="portrait" />
116-->src\main\AndroidManifest.xml:112:13-49
117        <activity
117-->src\main\AndroidManifest.xml:113:9-116:52
118            android:name="com.example.zslDev.basic.BaseMapFragmentActivity"
118-->src\main\AndroidManifest.xml:114:13-58
119            android:label="@string/basic_map"
119-->src\main\AndroidManifest.xml:115:13-46
120            android:screenOrientation="portrait" />
120-->src\main\AndroidManifest.xml:116:13-49
121        <activity
121-->src\main\AndroidManifest.xml:117:9-120:52
122            android:name="com.example.zslDev.basic.CameraActivity"
122-->src\main\AndroidManifest.xml:118:13-49
123            android:label="@string/camera_demo"
123-->src\main\AndroidManifest.xml:119:13-48
124            android:screenOrientation="portrait" />
124-->src\main\AndroidManifest.xml:120:13-49
125        <activity
125-->src\main\AndroidManifest.xml:121:9-124:52
126            android:name="com.example.zslDev.basic.HeatMapActivity"
126-->src\main\AndroidManifest.xml:122:13-50
127            android:label="@string/heatmap_demo"
127-->src\main\AndroidManifest.xml:123:13-49
128            android:screenOrientation="portrait" />
128-->src\main\AndroidManifest.xml:124:13-49
129        <activity
129-->src\main\AndroidManifest.xml:125:9-128:52
130            android:name="com.example.zslDev.basic.EventsActivity"
130-->src\main\AndroidManifest.xml:126:13-49
131            android:label="@string/events_demo"
131-->src\main\AndroidManifest.xml:127:13-48
132            android:screenOrientation="portrait" />
132-->src\main\AndroidManifest.xml:128:13-49
133        <activity
133-->src\main\AndroidManifest.xml:129:9-132:52
134            android:name="com.example.zslDev.basic.LayersActivity"
134-->src\main\AndroidManifest.xml:130:13-49
135            android:label="@string/layers_demo"
135-->src\main\AndroidManifest.xml:131:13-48
136            android:screenOrientation="portrait" />
136-->src\main\AndroidManifest.xml:132:13-49
137        <activity
137-->src\main\AndroidManifest.xml:133:9-136:52
138            android:name="com.example.zslDev.basic.PoiClickActivity"
138-->src\main\AndroidManifest.xml:134:13-51
139            android:label="@string/poiclick_demo"
139-->src\main\AndroidManifest.xml:135:13-50
140            android:screenOrientation="portrait" /> <!-- <activity -->
140-->src\main\AndroidManifest.xml:136:13-49
141        <!-- android:name="com.demo.app.basic.MapOptionActivity" -->
142        <!-- android:label="@string/mapOption_demo" -->
143        <!-- android:screenOrientation="portrait" /> -->
144        <activity
144-->src\main\AndroidManifest.xml:140:9-143:52
145            android:name="com.example.zslDev.basic.ScreenShotActivity"
145-->src\main\AndroidManifest.xml:141:13-53
146            android:label="@string/screenshot_demo"
146-->src\main\AndroidManifest.xml:142:13-52
147            android:screenOrientation="portrait" />
147-->src\main\AndroidManifest.xml:143:13-49
148        <activity
148-->src\main\AndroidManifest.xml:144:9-147:52
149            android:name="com.example.zslDev.basic.OpenglActivity"
149-->src\main\AndroidManifest.xml:145:13-49
150            android:label="@string/opengl_demo"
150-->src\main\AndroidManifest.xml:146:13-48
151            android:screenOrientation="portrait" />
151-->src\main\AndroidManifest.xml:147:13-49
152        <activity
152-->src\main\AndroidManifest.xml:148:9-151:52
153            android:name="com.example.zslDev.basic.UiSettingsActivity"
153-->src\main\AndroidManifest.xml:149:13-53
154            android:label="@string/uisettings_demo"
154-->src\main\AndroidManifest.xml:150:13-52
155            android:screenOrientation="portrait" />
155-->src\main\AndroidManifest.xml:151:13-49
156        <activity
156-->src\main\AndroidManifest.xml:152:9-155:52
157            android:name="com.example.zslDev.overlay.MarkerActivity"
157-->src\main\AndroidManifest.xml:153:13-51
158            android:label="@string/marker_demo"
158-->src\main\AndroidManifest.xml:154:13-48
159            android:screenOrientation="portrait" />
159-->src\main\AndroidManifest.xml:155:13-49
160        <activity
160-->src\main\AndroidManifest.xml:156:9-159:52
161            android:name="com.example.zslDev.overlay.PolylineActivity"
161-->src\main\AndroidManifest.xml:157:13-53
162            android:label="@string/polyline_demo"
162-->src\main\AndroidManifest.xml:158:13-50
163            android:screenOrientation="portrait" />
163-->src\main\AndroidManifest.xml:159:13-49
164        <activity
164-->src\main\AndroidManifest.xml:160:9-163:52
165            android:name="com.example.zslDev.overlay.ArcActivity"
165-->src\main\AndroidManifest.xml:161:13-48
166            android:label="@string/arc_demo"
166-->src\main\AndroidManifest.xml:162:13-45
167            android:screenOrientation="portrait" />
167-->src\main\AndroidManifest.xml:163:13-49
168        <activity
168-->src\main\AndroidManifest.xml:164:9-167:52
169            android:name="com.example.zslDev.overlay.GroundOverlayActivity"
169-->src\main\AndroidManifest.xml:165:13-58
170            android:label="@string/groundoverlay_demo"
170-->src\main\AndroidManifest.xml:166:13-55
171            android:screenOrientation="portrait" />
171-->src\main\AndroidManifest.xml:167:13-49
172        <activity
172-->src\main\AndroidManifest.xml:168:9-171:52
173            android:name="com.example.zslDev.overlay.PolygonActivity"
173-->src\main\AndroidManifest.xml:169:13-52
174            android:label="@string/polygon_demo"
174-->src\main\AndroidManifest.xml:170:13-49
175            android:screenOrientation="portrait" />
175-->src\main\AndroidManifest.xml:171:13-49
176        <activity
176-->src\main\AndroidManifest.xml:172:9-175:52
177            android:name="com.example.zslDev.overlay.CircleActivity"
177-->src\main\AndroidManifest.xml:173:13-51
178            android:label="@string/circle_demo"
178-->src\main\AndroidManifest.xml:174:13-48
179            android:screenOrientation="portrait" />
179-->src\main\AndroidManifest.xml:175:13-49
180        <activity
180-->src\main\AndroidManifest.xml:176:9-179:52
181            android:name="com.example.zslDev.overlay.NavigateArrowOverlayActivity"
181-->src\main\AndroidManifest.xml:177:13-65
182            android:label="@string/navigatearrow_demo"
182-->src\main\AndroidManifest.xml:178:13-55
183            android:screenOrientation="portrait" />
183-->src\main\AndroidManifest.xml:179:13-49
184        <activity
184-->src\main\AndroidManifest.xml:180:9-183:52
185            android:name="com.example.zslDev.location.LocationSourceActivity"
185-->src\main\AndroidManifest.xml:181:13-60
186            android:label="@string/locationsource_demo"
186-->src\main\AndroidManifest.xml:182:13-56
187            android:screenOrientation="portrait" />
187-->src\main\AndroidManifest.xml:183:13-49
188        <activity
188-->src\main\AndroidManifest.xml:184:9-187:52
189            android:name="com.example.zslDev.location.LocationSensorSourceActivity"
189-->src\main\AndroidManifest.xml:185:13-66
190            android:label="@string/locationSensorGPS_demo"
190-->src\main\AndroidManifest.xml:186:13-59
191            android:screenOrientation="portrait" />
191-->src\main\AndroidManifest.xml:187:13-49
192        <activity
192-->src\main\AndroidManifest.xml:188:9-191:52
193            android:name="com.example.zslDev.location.LocationModeSourceActivity"
193-->src\main\AndroidManifest.xml:189:13-64
194            android:label="@string/locationmodesource_demo"
194-->src\main\AndroidManifest.xml:190:13-60
195            android:screenOrientation="portrait" />
195-->src\main\AndroidManifest.xml:191:13-49
196        <activity
196-->src\main\AndroidManifest.xml:192:9-195:52
197            android:name="com.example.zslDev.location.LocationGPSActivity"
197-->src\main\AndroidManifest.xml:193:13-57
198            android:label="@string/locationGPS_demo"
198-->src\main\AndroidManifest.xml:194:13-53
199            android:screenOrientation="portrait" />
199-->src\main\AndroidManifest.xml:195:13-49
200        <activity
200-->src\main\AndroidManifest.xml:196:9-199:52
201            android:name="com.example.zslDev.location.LocationNetworkActivity"
201-->src\main\AndroidManifest.xml:197:13-61
202            android:label="@string/locationNetwork_demo"
202-->src\main\AndroidManifest.xml:198:13-57
203            android:screenOrientation="portrait" /> <!-- <activity -->
203-->src\main\AndroidManifest.xml:199:13-49
204        <!-- android:name=".geocoder.GeocoderActivity" -->
205        <!-- android:label="@string/geocoder_demo" -->
206        <!-- android:screenOrientation="portrait" /> -->
207        <!-- <activity -->
208        <!-- android:name=".route.RouteActivity" -->
209        <!-- android:label="@string/route_demo" -->
210        <!-- android:screenOrientation="portrait" /> -->
211        <activity
211-->src\main\AndroidManifest.xml:207:9-210:52
212            android:name="com.example.zslDev.busline.BuslineActivity"
212-->src\main\AndroidManifest.xml:208:13-52
213            android:label="@string/busline_demo"
213-->src\main\AndroidManifest.xml:209:13-49
214            android:screenOrientation="portrait" />
214-->src\main\AndroidManifest.xml:210:13-49
215        <activity
215-->src\main\AndroidManifest.xml:211:9-214:52
216            android:name="com.example.zslDev.poisearch.PoiKeywordSearchActivity"
216-->src\main\AndroidManifest.xml:212:13-63
217            android:label="@string/poikeywordsearch_demo"
217-->src\main\AndroidManifest.xml:213:13-58
218            android:screenOrientation="portrait" />
218-->src\main\AndroidManifest.xml:214:13-49
219        <activity
219-->src\main\AndroidManifest.xml:215:9-218:52
220            android:name="com.example.zslDev.poisearch.PoiAroundSearchActivity"
220-->src\main\AndroidManifest.xml:216:13-62
221            android:label="@string/poiaroundsearch_demo"
221-->src\main\AndroidManifest.xml:217:13-57
222            android:screenOrientation="portrait" />
222-->src\main\AndroidManifest.xml:218:13-49
223        <activity
223-->src\main\AndroidManifest.xml:219:9-222:52
224            android:name="com.example.zslDev.offlinemap.OfflineMapActivity"
224-->src\main\AndroidManifest.xml:220:13-58
225            android:label="@string/offlinemap_demo"
225-->src\main\AndroidManifest.xml:221:13-52
226            android:screenOrientation="portrait" />
226-->src\main\AndroidManifest.xml:222:13-49
227        <activity android:name="com.example.zslDev.MyPlatformViewPlugin" />
227-->src\main\AndroidManifest.xml:223:9-58
227-->src\main\AndroidManifest.xml:223:19-55
228        <activity android:name="com.example.zslDev.MyPlatformViewFactory" />
228-->src\main\AndroidManifest.xml:224:9-59
228-->src\main\AndroidManifest.xml:224:19-56
229        <activity android:name="com.example.zslDev.MyPlatformView" />
229-->src\main\AndroidManifest.xml:225:9-52
229-->src\main\AndroidManifest.xml:225:19-49
230        <activity android:name="com.example.zslDev.locationData.LocationDataActivity" />
230-->src\main\AndroidManifest.xml:226:9-71
230-->src\main\AndroidManifest.xml:226:19-68
231        <activity android:name="com.example.zslDev.poisearch.CheckPermissionsActivity" />
231-->src\main\AndroidManifest.xml:227:9-72
231-->src\main\AndroidManifest.xml:227:19-69
232        <activity android:name="com.example.zslDev.poisearch.PoiSearchActivity" />
232-->src\main\AndroidManifest.xml:228:9-65
232-->src\main\AndroidManifest.xml:228:19-62
233        <activity android:name="com.example.zslDev.SecondActivity" />
233-->src\main\AndroidManifest.xml:229:9-52
233-->src\main\AndroidManifest.xml:229:19-49
234
235        <!-- 111111111111111111111111111111111111111111111111111111111111111 -->
236
237        <activity
237-->src\main\AndroidManifest.xml:233:9-236:51
238            android:name="com.example.zslDev.activity.IndexActivity"
238-->src\main\AndroidManifest.xml:234:13-51
239            android:label="@string/app_name"
239-->src\main\AndroidManifest.xml:235:13-45
240            android:screenOrientation="portrait" />
240-->src\main\AndroidManifest.xml:236:13-49
241        <activity
241-->src\main\AndroidManifest.xml:237:9-240:88
242            android:name="com.amap.api.navi.AmapRouteActivity"
242-->src\main\AndroidManifest.xml:238:13-63
243            android:configChanges="orientation|keyboardHidden|screenSize|navigation"
243-->src\main\AndroidManifest.xml:240:13-85
244            android:launchMode="singleInstance" />
244-->src\main\AndroidManifest.xml:239:13-48
245        <activity
245-->src\main\AndroidManifest.xml:241:9-245:69
246            android:name="com.example.zslDev.activity.BasicNaviActivity"
246-->src\main\AndroidManifest.xml:242:13-55
247            android:configChanges="orientation|keyboardHidden|screenSize"
247-->src\main\AndroidManifest.xml:243:13-74
248            android:label="@string/app_name"
248-->src\main\AndroidManifest.xml:244:13-45
249            android:theme="@android:style/Theme.Light.NoTitleBar" />
249-->src\main\AndroidManifest.xml:245:13-66
250        <activity
250-->src\main\AndroidManifest.xml:246:9-250:69
251            android:name="com.example.zslDev.activity.CustomZoomInIntersectionViewActivity"
251-->src\main\AndroidManifest.xml:247:13-74
252            android:configChanges="orientation|keyboardHidden|screenSize"
252-->src\main\AndroidManifest.xml:248:13-74
253            android:label="@string/app_name"
253-->src\main\AndroidManifest.xml:249:13-45
254            android:theme="@android:style/Theme.Light.NoTitleBar" />
254-->src\main\AndroidManifest.xml:250:13-66
255        <activity
255-->src\main\AndroidManifest.xml:251:9-255:69
256            android:name="com.example.zslDev.activity.CustomRouteActivity"
256-->src\main\AndroidManifest.xml:252:13-57
257            android:configChanges="orientation|keyboardHidden|screenSize"
257-->src\main\AndroidManifest.xml:253:13-74
258            android:label="@string/app_name"
258-->src\main\AndroidManifest.xml:254:13-45
259            android:theme="@android:style/Theme.Light.NoTitleBar" />
259-->src\main\AndroidManifest.xml:255:13-66
260        <activity
260-->src\main\AndroidManifest.xml:256:9-260:69
261            android:name="com.example.zslDev.activity.CustomDriveWayViewActivity"
261-->src\main\AndroidManifest.xml:257:13-64
262            android:configChanges="orientation|keyboardHidden|screenSize"
262-->src\main\AndroidManifest.xml:258:13-74
263            android:label="@string/app_name"
263-->src\main\AndroidManifest.xml:259:13-45
264            android:theme="@android:style/Theme.Light.NoTitleBar" />
264-->src\main\AndroidManifest.xml:260:13-66
265        <activity
265-->src\main\AndroidManifest.xml:261:9-265:69
266            android:name="com.example.zslDev.activity.HudDisplayActivity"
266-->src\main\AndroidManifest.xml:262:13-56
267            android:configChanges="orientation|keyboardHidden|screenSize"
267-->src\main\AndroidManifest.xml:263:13-74
268            android:label="@string/app_name"
268-->src\main\AndroidManifest.xml:264:13-45
269            android:theme="@android:style/Theme.Light.NoTitleBar" />
269-->src\main\AndroidManifest.xml:265:13-66
270        <activity
270-->src\main\AndroidManifest.xml:266:9-270:69
271            android:name="com.example.zslDev.activity.IntelligentBroadcastActivity"
271-->src\main\AndroidManifest.xml:267:13-66
272            android:configChanges="orientation|keyboardHidden|screenSize"
272-->src\main\AndroidManifest.xml:268:13-74
273            android:label="@string/app_name"
273-->src\main\AndroidManifest.xml:269:13-45
274            android:theme="@android:style/Theme.Light.NoTitleBar" />
274-->src\main\AndroidManifest.xml:270:13-66
275        <activity
275-->src\main\AndroidManifest.xml:271:9-276:63
276            android:name="com.example.zslDev.activity.RoutePlanningActivity"
276-->src\main\AndroidManifest.xml:272:13-59
277            android:configChanges="orientation|keyboardHidden|screenSize"
277-->src\main\AndroidManifest.xml:273:13-74
278            android:label="@string/app_name"
278-->src\main\AndroidManifest.xml:274:13-45
279            android:theme="@android:style/Theme.Light.NoTitleBar"
279-->src\main\AndroidManifest.xml:275:13-66
280            android:windowSoftInputMode="stateAlwaysHidden" />
280-->src\main\AndroidManifest.xml:276:13-60
281        <activity
281-->src\main\AndroidManifest.xml:277:9-281:69
282            android:name="com.example.zslDev.activity.GPSNaviActivity"
282-->src\main\AndroidManifest.xml:278:13-53
283            android:configChanges="orientation|keyboardHidden|screenSize"
283-->src\main\AndroidManifest.xml:279:13-74
284            android:label="@string/app_name"
284-->src\main\AndroidManifest.xml:280:13-45
285            android:theme="@android:style/Theme.Light.NoTitleBar" />
285-->src\main\AndroidManifest.xml:281:13-66
286        <activity
286-->src\main\AndroidManifest.xml:282:9-286:69
287            android:name="com.example.zslDev.activity.CustomTrafficProgressBarActivity"
287-->src\main\AndroidManifest.xml:283:13-70
288            android:configChanges="orientation|keyboardHidden|screenSize"
288-->src\main\AndroidManifest.xml:284:13-74
289            android:label="@string/app_name"
289-->src\main\AndroidManifest.xml:285:13-45
290            android:theme="@android:style/Theme.Light.NoTitleBar" />
290-->src\main\AndroidManifest.xml:286:13-66
291        <activity
291-->src\main\AndroidManifest.xml:287:9-291:69
292            android:name="com.example.zslDev.activity.SimpleNaviActivity"
292-->src\main\AndroidManifest.xml:288:13-56
293            android:configChanges="orientation|keyboardHidden|screenSize"
293-->src\main\AndroidManifest.xml:289:13-74
294            android:label="@string/app_name"
294-->src\main\AndroidManifest.xml:290:13-45
295            android:theme="@android:style/Theme.Light.NoTitleBar" />
295-->src\main\AndroidManifest.xml:291:13-66
296        <activity
296-->src\main\AndroidManifest.xml:292:9-296:69
297            android:name="com.example.zslDev.activity.GetNaviStepsAndLinksActivity"
297-->src\main\AndroidManifest.xml:293:13-66
298            android:configChanges="orientation|keyboardHidden|screenSize"